<!DOCTYPE suite SYSTEM "http://testng.org/testng-1.0.dtd" >
<suite name="Aspire Test Flow">
    <test name="Chrome Browser">
        <parameter name="browser" value="chrome"/>
        <classes>
            <class name="com.odoo.aspire.test.EndToEndFlow"/>
        </classes>
    </test>
</suite>
